numprocs=50
NEURON -- VERSION 7.7.2 7.7 (2b7985ba) 2019-06-20
Duke, Yale, and the BlueBrain Project -- Copyright 1984-2018
See http://neuron.yale.edu/neuron/credits

2022-10-26 16:38:00,791 [INFO] Created log file
2022-10-26 16:38:00,792 [INFO] Running NEURON with mpi (50 cores).
Additional mechanisms from files
 modfiles/bg2pyr.mod modfiles/bginh.mod modfiles/cadyn.mod modfiles/cal2CA3.mod modfiles/cal2.mod modfiles/ca.mod modfiles/capoolCA3.mod modfiles/capool.mod modfiles/cas.mod modfiles/cat.mod modfiles/currentclamp.mod modfiles/function_TMonitor.mod modfiles/gap.mod modfiles/Gfluct_new_exc.mod modfiles/Gfluct_new_inh.mod modfiles/halfgap.mod modfiles/hCA3.mod modfiles/h.mod modfiles/imCA3.mod modfiles/im.mod modfiles/interD2interD_SOMPV_STFD_new.mod modfiles/interD2interD_STFD_new.mod modfiles/interD2pyrD_CR2P_STFD_new.mod modfiles/interD2pyrD_SOM2P_STFD_new.mod modfiles/interD2pyrD_STFD_new.mod modfiles/kadist.mod modfiles/kaprox.mod modfiles/kca.mod modfiles/kdrca1DA.mod modfiles/kdrca1.mod modfiles/kdrCA3.mod modfiles/kdrinter.mod modfiles/leakCA3.mod modfiles/leakDA.mod modfiles/leakinter.mod modfiles/leak.mod modfiles/na3DA.mod modfiles/na3.mod modfiles/nainter.mod modfiles/napCA3.mod modfiles/nap.mod modfiles/natCA3.mod modfiles/nat.mod modfiles/pyrD2interD_P2CR_STFD.mod modfiles/pyrD2interD_P2SOM_STFD.mod modfiles/pyrD2interD_STFD.mod modfiles/pyrD2pyrD_STFD_new.mod modfiles/sahpCA3.mod modfiles/sahp.mod modfiles/sahpNE.mod modfiles/tone2interD.mod modfiles/tone2pyr.mod modfiles/vecevent.mod modfiles/xtra_imemrec.mod modfiles/xtra.mod
2022-10-26 16:38:00,886 [INFO] Building cells.
2022-10-26 16:38:00,938 [INFO] Building recurrent connections

===================================================================================
=   BAD TERMINATION OF ONE OF YOUR APPLICATION PROCESSES
=   PID 21601 RUNNING AT engr-nelvm-res
=   EXIT CODE: 139
=   CLEANING UP REMAINING PROCESSES
=   YOU CAN IGNORE THE BELOW CLEANUP MESSAGES
===================================================================================
YOUR APPLICATION TERMINATED WITH THE EXIT STRING: Segmentation fault (signal 11)
This typically refers to a problem with your application.
Please see the FAQ page for debugging suggestions
Done running model at Wed Oct 26 16:38:01 CDT 2022
